Thu Jul 10 20:15:32 UTC 2014
   system restarted

Fri Jul 11 07:06:35 UTC 2014
   ws restarted

Sat Jul 12 07:01:36 UTC 2014
   ws restarted

Sun Jul 13 07:20:33 UTC 2014
   ws restarted

Mon Jul 14 07:04:34 UTC 2014
   ws restarted

Tue Jul 15 07:09:32 UTC 2014
   ws restarted

Wed Jul 16 07:28:31 UTC 2014
   system restarted

Thu Jul 17 07:15:31 UTC 2014
   ws restarted

Fri Jul 18 07:07:33 UTC 2014
   ws restarted

Sat Jul 19 07:18:36 UTC 2014
   ws restarted

Sun Jul 20 07:11:36 UTC 2014
   ws restarted

Mon Jul 21 07:07:33 UTC 2014
   ws restarted

Mon Jul 21 16:45:43 UTC 2014
   system restarted

Tue Jul 22 07:27:34 UTC 2014
   ws restarted

Tue Jul 22 16:45:22 UTC 2014
   system restarted

Wed Jul 23 07:21:30 UTC 2014
   ws restarted

Thu Jul 24 07:11:34 UTC 2014
   ws restarted

Fri Jul 25 07:22:31 UTC 2014
   ws restarted

Sat Jul 26 07:18:36 UTC 2014
   ws restarted

Sun Jul 27 07:05:36 UTC 2014
   ws restarted

Mon Jul 28 07:12:33 UTC 2014
   ws restarted

Tue Jul 29 07:02:35 UTC 2014
   ws restarted

Wed Jul 30 07:24:33 UTC 2014
   ws restarted

Thu Jul 31 07:04:36 UTC 2014
   ws restarted

Fri Aug  1 07:17:34 UTC 2014
   ws restarted

Sat Aug  2 07:12:32 UTC 2014
   ws restarted

Sun Aug  3 07:15:31 UTC 2014
   ws restarted

Mon Aug  4 07:18:36 UTC 2014
   ws restarted

Tue Aug  5 07:02:32 UTC 2014
   ws restarted

Wed Aug  6 07:10:35 UTC 2014
   ws restarted

Thu Aug  7 07:24:33 UTC 2014
   ws restarted

Fri Aug  8 07:29:35 UTC 2014
   ws restarted

Sat Aug  9 07:07:36 UTC 2014
   ws restarted

Sun Aug 10 07:19:35 UTC 2014
   ws restarted

Mon Aug 11 07:04:35 UTC 2014
   ws restarted

Mon Aug 11 21:41:50 UTC 2014
   system restarted

Tue Aug 12 07:04:37 UTC 2014
   ws restarted

Wed Aug 13 07:10:32 UTC 2014
   ws restarted

Thu Aug 14 07:22:33 UTC 2014
   ws restarted

Fri Aug 15 07:22:35 UTC 2014
   ws restarted

Sat Aug 16 07:10:31 UTC 2014
   ws restarted

Sun Aug 17 07:14:36 UTC 2014
   ws restarted

Mon Aug 18 07:01:33 UTC 2014
   ws restarted

Tue Aug 19 07:05:32 UTC 2014
   ws restarted

Wed Aug 20 07:13:36 UTC 2014
   ws restarted

Thu Aug 21 07:14:34 UTC 2014
   ws restarted

Thu Aug 21 17:03:13 UTC 2014
   system restarted

Fri Aug 22 07:25:33 UTC 2014
   ws restarted

Sat Aug 23 07:21:36 UTC 2014
   ws restarted

Sun Aug 24 07:00:33 UTC 2014
   ws restarted

Mon Aug 25 07:07:31 UTC 2014
   ws restarted

Tue Aug 26 07:27:33 UTC 2014
   ws restarted

Wed Aug 27 07:16:34 UTC 2014
   ws restarted

Thu Aug 28 07:10:37 UTC 2014
   ws restarted

Fri Aug 29 07:09:34 UTC 2014
   ws restarted

Sat Aug 30 07:28:36 UTC 2014
   ws restarted

Sun Aug 31 07:08:34 UTC 2014
   ws restarted

Mon Sep  1 07:13:34 UTC 2014
   ws restarted

Tue Sep  2 07:22:34 UTC 2014
   ws restarted

Wed Sep  3 07:07:33 UTC 2014
   ws restarted

Thu Sep  4 07:23:34 UTC 2014
   ws restarted

Fri Sep  5 07:22:33 UTC 2014
   ws restarted

Sat Sep  6 07:14:32 UTC 2014
   ws restarted

Sun Sep  7 07:26:35 UTC 2014
   ws restarted

Mon Sep  8 07:22:32 UTC 2014
   ws restarted

Tue Sep  9 07:14:32 UTC 2014
   ws restarted

Wed Sep 10 07:18:35 UTC 2014
   ws restarted

Thu Sep 11 07:12:34 UTC 2014
   ws restarted

Fri Sep 12 07:25:32 UTC 2014
   ws restarted

Sat Sep 13 07:04:34 UTC 2014
   ws restarted

Sun Sep 14 07:06:32 UTC 2014
   ws restarted

Mon Sep 15 07:15:31 UTC 2014
   ws restarted

Tue Sep 16 07:27:36 UTC 2014
   ws restarted

Wed Sep 17 07:17:35 UTC 2014
   ws restarted

Thu Sep 18 07:04:35 UTC 2014
   ws restarted

Thu Sep 18 07:17:21 UTC 2014
   system restarted

Fri Sep 19 07:26:35 UTC 2014
   ws restarted

Sat Sep 20 07:21:33 UTC 2014
   ws restarted

Sun Sep 21 07:18:36 UTC 2014
   ws restarted

Mon Sep 22 07:25:35 UTC 2014
   ws restarted

Tue Sep 23 07:12:32 UTC 2014
   ws restarted

Wed Sep 24 07:04:37 UTC 2014
   ws restarted

Thu Sep 25 07:03:34 UTC 2014
   ws restarted

Fri Sep 26 07:27:36 UTC 2014
   ws restarted

Sat Sep 27 07:09:36 UTC 2014
   ws restarted

Sun Sep 28 07:15:34 UTC 2014
   ws restarted

Mon Sep 29 07:13:33 UTC 2014
   ws restarted

Tue Sep 30 07:19:33 UTC 2014
   ws restarted

Wed Oct  1 07:21:35 UTC 2014
   ws restarted

Thu Oct  2 07:15:25 UTC 2014
   ws restarted

Fri Oct  3 07:19:35 UTC 2014
   ws restarted

Sat Oct  4 07:08:33 UTC 2014
   ws restarted

Sun Oct  5 07:18:37 UTC 2014
   ws restarted

Mon Oct  6 07:28:35 UTC 2014
   ws restarted

Tue Oct  7 07:07:36 UTC 2014
   ws restarted

Wed Oct  8 07:17:36 UTC 2014
   ws restarted

Thu Oct  9 07:22:35 UTC 2014
   ws restarted

Fri Oct 10 07:07:36 UTC 2014
   ws restarted

Sat Oct 11 07:09:34 UTC 2014
   ws restarted

Sun Oct 12 07:17:33 UTC 2014
   ws restarted

Mon Oct 13 07:27:32 UTC 2014
   ws restarted

Tue Oct 14 07:21:32 UTC 2014
   ws restarted

Wed Oct 15 07:08:33 UTC 2014
   ws restarted

Thu Oct 16 07:07:34 UTC 2014
   ws restarted

Fri Oct 17 07:10:33 UTC 2014
   ws restarted

Sat Oct 18 07:16:36 UTC 2014
   ws restarted

Sun Oct 19 07:16:34 UTC 2014
   ws restarted

Mon Oct 20 07:01:36 UTC 2014
   ws restarted

Tue Oct 21 07:20:34 UTC 2014
   ws restarted

Wed Oct 22 07:03:35 UTC 2014
   ws restarted

Thu Oct 23 07:01:35 UTC 2014
   ws restarted

Fri Oct 24 07:14:32 UTC 2014
   ws restarted

Sat Oct 25 07:14:33 UTC 2014
   ws restarted

Sun Oct 26 07:10:33 UTC 2014
   ws restarted

Mon Oct 27 07:04:32 UTC 2014
   ws restarted

Tue Oct 28 07:12:36 UTC 2014
   ws restarted

Wed Oct 29 07:05:33 UTC 2014
   ws restarted

Thu Oct 30 07:04:36 UTC 2014
   ws restarted

Fri Oct 31 07:14:32 UTC 2014
   ws restarted

Sat Nov  1 07:09:33 UTC 2014
   ws restarted

Sun Nov  2 07:17:35 UTC 2014
   ws restarted

Mon Nov  3 07:03:34 UTC 2014
   ws restarted

Tue Nov  4 07:27:36 UTC 2014
   ws restarted

Wed Nov  5 07:24:32 UTC 2014
   ws restarted

Thu Nov  6 07:09:33 UTC 2014
   ws restarted

Fri Nov  7 07:18:35 UTC 2014
   ws restarted

Sat Nov  8 07:24:34 UTC 2014
   ws restarted

Sun Nov  9 07:24:33 UTC 2014
   ws restarted

Mon Nov 10 07:09:32 UTC 2014
   ws restarted

Tue Nov 11 07:05:31 UTC 2014
   ws restarted

Wed Nov 12 07:06:35 UTC 2014
   ws restarted

Thu Nov 13 07:15:33 UTC 2014
   ws restarted

Fri Nov 14 07:01:33 UTC 2014
   ws restarted

Sat Nov 15 07:03:36 UTC 2014
   ws restarted

Sun Nov 16 07:21:33 UTC 2014
   ws restarted

Mon Nov 17 07:13:23 UTC 2014
   ws restarted

Tue Nov 18 07:24:32 UTC 2014
   ws restarted

Wed Nov 19 07:06:33 UTC 2014
   ws restarted

Thu Nov 20 07:01:34 UTC 2014
   ws restarted

Fri Nov 21 07:01:34 UTC 2014
   ws restarted

Sat Nov 22 07:17:35 UTC 2014
   ws restarted

Sat Nov 22 18:40:46 UTC 2014
   system restarted

Sun Nov 23 07:29:46 UTC 2014
   system restarted

Mon Nov 24 07:00:33 UTC 2014
   ws restarted

Tue Nov 25 07:00:33 UTC 2014
   ws restarted

Wed Nov 26 07:28:35 UTC 2014
   ws restarted

Thu Nov 27 07:27:34 UTC 2014
   ws restarted

Fri Nov 28 07:23:33 UTC 2014
   ws restarted

Sat Nov 29 07:28:34 UTC 2014
   ws restarted

Sun Nov 30 07:21:33 UTC 2014
   ws restarted

Mon Dec  1 07:20:36 UTC 2014
   ws restarted

Tue Dec  2 07:17:36 UTC 2014
   ws restarted

Wed Dec  3 07:07:33 UTC 2014
   ws restarted

Thu Dec  4 07:26:36 UTC 2014
   ws restarted

Fri Dec  5 07:08:34 UTC 2014
   ws restarted

Sat Dec  6 07:07:32 UTC 2014
   ws restarted

Sun Dec  7 07:14:32 UTC 2014
   ws restarted

Mon Dec  8 07:07:35 UTC 2014
   ws restarted

Tue Dec  9 07:32:31 UTC 2014
   system restarted

Wed Dec 10 07:02:34 UTC 2014
   ws restarted

Thu Dec 11 07:11:33 UTC 2014
   ws restarted

Fri Dec 12 07:07:35 UTC 2014
   ws restarted

Sat Dec 13 07:24:32 UTC 2014
   ws restarted

Sun Dec 14 07:02:35 UTC 2014
   ws restarted

Mon Dec 15 07:21:32 UTC 2014
   ws restarted

Tue Dec 16 07:01:33 UTC 2014
   ws restarted

Wed Dec 17 07:19:34 UTC 2014
   ws restarted

Thu Dec 18 07:07:36 UTC 2014
   ws restarted

Fri Dec 19 07:19:33 UTC 2014
   ws restarted

Sat Dec 20 07:17:34 UTC 2014
   ws restarted

Sun Dec 21 07:17:36 UTC 2014
   ws restarted

Mon Dec 22 07:17:33 UTC 2014
   ws restarted

Tue Dec 23 07:26:34 UTC 2014
   ws restarted

Wed Dec 24 07:12:33 UTC 2014
   ws restarted

Thu Dec 25 07:03:36 UTC 2014
   ws restarted

Fri Dec 26 07:29:32 UTC 2014
   ws restarted

Sat Dec 27 07:28:35 UTC 2014
   ws restarted

Sun Dec 28 07:21:34 UTC 2014
   ws restarted

Mon Dec 29 07:15:33 UTC 2014
   ws restarted

Tue Dec 30 07:06:34 UTC 2014
   ws restarted

Wed Dec 31 07:27:36 UTC 2014
   ws restarted

Thu Jan  1 07:16:33 UTC 2015
   ws restarted

Fri Jan  2 07:20:35 UTC 2015
   ws restarted

Sat Jan  3 07:14:32 UTC 2015
   ws restarted

Sun Jan  4 07:17:35 UTC 2015
   ws restarted

Mon Jan  5 07:26:34 UTC 2015
   ws restarted

Tue Jan  6 07:29:34 UTC 2015
   ws restarted

Wed Jan  7 07:22:33 UTC 2015
   ws restarted

Thu Jan  8 07:27:29 UTC 2015
   system restarted

Fri Jan  9 17:46:22 UTC 2015
   system restarted

Sat Jan 10 07:12:30 UTC 2015
   ws restarted

Sun Jan 11 07:02:33 UTC 2015
   ws restarted

Tue Jan 13 07:09:34 UTC 2015
   ws restarted

Wed Jan 14 07:09:33 UTC 2015
   ws restarted

Fri Jan 16 07:21:31 UTC 2015
   ws restarted

Sat Jan 17 07:08:31 UTC 2015
   ws restarted

Sun Jan 18 07:30:10 UTC 2015
   ws restarted

Mon Jan 19 07:01:30 UTC 2015
   ws restarted

Tue Jan 20 07:06:33 UTC 2015
   ws restarted

Wed Jan 21 07:01:34 UTC 2015
   ws restarted

Fri Jan 23 07:18:34 UTC 2015
   ws restarted

Sat Jan 24 07:26:30 UTC 2015
   ws restarted

Mon Jan 26 07:12:33 UTC 2015
   ws restarted

Tue Jan 27 07:28:34 UTC 2015
   ws restarted

Wed Jan 28 07:28:39 UTC 2015
   ws restarted

Thu Jan 29 07:05:32 UTC 2015
   ws restarted

Fri Jan 30 07:28:34 UTC 2015
   ws restarted

Sat Jan 31 07:21:32 UTC 2015
   ws restarted

Mon Feb  2 07:05:33 UTC 2015
   ws restarted

Tue Feb  3 07:23:30 UTC 2015
   ws restarted

Thu Feb  5 07:09:32 UTC 2015
   ws restarted

Fri Feb  6 07:15:33 UTC 2015
   ws restarted

Sat Feb  7 07:27:33 UTC 2015
   ws restarted

Sun Feb  8 07:10:31 UTC 2015
   ws restarted

Mon Feb  9 07:28:30 UTC 2015
   ws restarted

Tue Feb 10 07:09:33 UTC 2015
   ws restarted

Thu Feb 12 07:27:30 UTC 2015
   ws restarted

Fri Feb 13 07:05:30 UTC 2015
   ws restarted

Sun Feb 15 07:00:33 UTC 2015
   ws restarted

Mon Feb 16 07:08:33 UTC 2015
   ws restarted

Tue Feb 17 07:25:44 UTC 2015
   ws restarted

Wed Feb 18 07:19:34 UTC 2015
   ws restarted

Thu Feb 19 07:03:32 UTC 2015
   ws restarted

Fri Feb 20 07:08:31 UTC 2015
   ws restarted

Sun Feb 22 07:25:33 UTC 2015
   ws restarted

Mon Feb 23 07:02:32 UTC 2015
   ws restarted

Wed Feb 25 07:26:30 UTC 2015
   ws restarted

Thu Feb 26 07:17:33 UTC 2015
   ws restarted

Fri Feb 27 07:24:20 UTC 2015
   ws restarted

Sat Feb 28 07:02:34 UTC 2015
   ws restarted

Sun Mar  1 07:25:34 UTC 2015
   ws restarted

Mon Mar  2 07:22:34 UTC 2015
   ws restarted

Wed Mar  4 07:10:31 UTC 2015
   ws restarted

Thu Mar  5 07:03:31 UTC 2015
   ws restarted

Sat Mar  7 07:05:30 UTC 2015
   ws restarted

Sun Mar  8 07:13:30 UTC 2015
   ws restarted

Mon Mar  9 07:22:53 UTC 2015
   ws restarted

Tue Mar 10 07:00:35 UTC 2015
   ws restarted

Wed Mar 11 07:14:33 UTC 2015
   ws restarted

Thu Mar 12 07:15:32 UTC 2015
   ws restarted

Sat Mar 14 07:23:30 UTC 2015
   ws restarted

Sun Mar 15 07:02:32 UTC 2015
   ws restarted

Tue Mar 17 07:03:33 UTC 2015
   ws restarted

Wed Mar 18 07:13:30 UTC 2015
   ws restarted

Thu Mar 19 07:22:32 UTC 2015
   ws restarted

Sat Mar 21 07:27:30 UTC 2015
   ws restarted

Sun Mar 22 07:00:31 UTC 2015
   ws restarted

Tue Mar 24 07:08:31 UTC 2015
   ws restarted

Wed Mar 25 07:14:30 UTC 2015
   ws restarted

Fri Mar 27 12:39:17 UTC 2015
   system restarted

Sat Mar 28 07:25:30 UTC 2015
   ws restarted

Sun Mar 29 07:06:32 UTC 2015
   ws restarted

Mon Mar 30 07:01:33 UTC 2015
   ws restarted

Tue Mar 31 07:23:33 UTC 2015
   ws restarted

Wed Apr  1 07:21:32 UTC 2015
   ws restarted

Thu Apr  2 07:08:32 UTC 2015
   ws restarted

Fri Apr  3 07:03:34 UTC 2015
   ws restarted

Sat Apr  4 07:23:30 UTC 2015
   ws restarted

Sun Apr  5 07:19:33 UTC 2015
   ws restarted

Mon Apr  6 07:25:32 UTC 2015
   ws restarted

Tue Apr  7 07:25:35 UTC 2015
   ws restarted

Wed Apr  8 07:08:34 UTC 2015
   ws restarted

Thu Apr  9 07:02:34 UTC 2015
   ws restarted

Fri Apr 10 07:29:30 UTC 2015
   ws restarted

Sat Apr 11 07:12:33 UTC 2015
   ws restarted

Sun Apr 12 07:07:30 UTC 2015
   ws restarted

Mon Apr 13 07:04:33 UTC 2015
   ws restarted

Tue Apr 14 07:06:33 UTC 2015
   ws restarted

Wed Apr 15 07:20:31 UTC 2015
   ws restarted

Thu Apr 16 07:04:32 UTC 2015
   ws restarted

Thu Apr 16 21:22:23 UTC 2015
   system restarted

Fri Apr 17 07:11:32 UTC 2015
   ws restarted

Sat Apr 18 07:08:33 UTC 2015
   ws restarted

Sun Apr 19 07:24:31 UTC 2015
   ws restarted

Mon Apr 20 07:05:32 UTC 2015
   ws restarted

Tue Apr 21 07:09:33 UTC 2015
   ws restarted

Wed Apr 22 07:26:34 UTC 2015
   ws restarted

Thu Apr 23 07:20:33 UTC 2015
   ws restarted

Fri Apr 24 07:26:35 UTC 2015
   ws restarted

Sat Apr 25 07:27:31 UTC 2015
   ws restarted

Sun Apr 26 07:16:33 UTC 2015
   ws restarted

Mon Apr 27 07:15:33 UTC 2015
   ws restarted

Tue Apr 28 07:29:32 UTC 2015
   ws restarted

Wed Apr 29 07:00:30 UTC 2015
   ws restarted

Thu Apr 30 07:09:32 UTC 2015
   ws restarted

Fri May  1 07:07:34 UTC 2015
   ws restarted

Sat May  2 07:17:31 UTC 2015
   ws restarted

Sun May  3 07:21:30 UTC 2015
   ws restarted

Mon May  4 07:15:31 UTC 2015
   ws restarted

Tue May  5 07:01:32 UTC 2015
   ws restarted

Wed May  6 07:13:33 UTC 2015
   ws restarted

Thu May  7 07:02:32 UTC 2015
   ws restarted

Fri May  8 07:01:35 UTC 2015
   ws restarted

Sat May  9 07:00:32 UTC 2015
   ws restarted

Sun May 10 07:29:35 UTC 2015
   ws restarted

Mon May 11 07:22:34 UTC 2015
   ws restarted

Tue May 12 07:28:36 UTC 2015
   ws restarted

Wed May 13 07:13:35 UTC 2015
   ws restarted

Thu May 14 07:15:32 UTC 2015
   ws restarted

Fri May 15 07:08:33 UTC 2015
   ws restarted

Sat May 16 07:12:35 UTC 2015
   ws restarted

Sun May 17 07:25:34 UTC 2015
   ws restarted

Sun May 17 17:05:00 UTC 2015
   system restarted

Mon May 18 07:03:34 UTC 2015
   ws restarted

Tue May 19 07:00:36 UTC 2015
   ws restarted

Wed May 20 07:20:36 UTC 2015
   ws restarted

Thu May 21 07:03:35 UTC 2015
   ws restarted

Fri May 22 07:03:35 UTC 2015
   ws restarted

Sat May 23 07:04:35 UTC 2015
   ws restarted

Sat May 23 19:46:42 UTC 2015
   system restarted

Sun May 24 02:17:10 UTC 2015
   system restarted

Sun May 24 07:16:33 UTC 2015
   ws restarted

Sun May 24 09:10:05 UTC 2015
   system restarted

Mon May 25 07:16:36 UTC 2015
   ws restarted

Tue May 26 07:00:36 UTC 2015
   ws restarted

Wed May 27 07:13:34 UTC 2015
   ws restarted

Thu May 28 07:11:35 UTC 2015
   ws restarted

Fri May 29 07:16:33 UTC 2015
   ws restarted

Sat May 30 07:04:32 UTC 2015
   ws restarted

Sun May 31 07:19:34 UTC 2015
   ws restarted

Mon Jun  1 07:20:32 UTC 2015
   ws restarted

Tue Jun  2 07:22:32 UTC 2015
   ws restarted

Wed Jun  3 07:25:36 UTC 2015
   ws restarted

Thu Jun  4 07:08:34 UTC 2015
   ws restarted

Fri Jun  5 07:05:32 UTC 2015
   ws restarted

Sat Jun  6 07:07:33 UTC 2015
   ws restarted

Sun Jun  7 07:07:34 UTC 2015
   ws restarted

Mon Jun  8 07:10:31 UTC 2015
   ws restarted

Tue Jun  9 07:02:58 UTC 2015
   system restarted

Wed Jun 10 07:14:33 UTC 2015
   ws restarted

Thu Jun 11 07:22:32 UTC 2015
   ws restarted

Fri Jun 12 07:21:36 UTC 2015
   ws restarted

Sat Jun 13 07:23:35 UTC 2015
   ws restarted

Sun Jun 14 07:25:36 UTC 2015
   ws restarted

Mon Jun 15 07:20:34 UTC 2015
   ws restarted

Tue Jun 16 07:26:35 UTC 2015
   ws restarted

Wed Jun 17 07:01:32 UTC 2015
   ws restarted

Thu Jun 18 07:10:35 UTC 2015
   ws restarted

Fri Jun 19 07:11:32 UTC 2015
   ws restarted

Sat Jun 20 07:08:35 UTC 2015
   ws restarted

Sun Jun 21 07:25:33 UTC 2015
   ws restarted

Mon Jun 22 07:18:33 UTC 2015
   ws restarted

Tue Jun 23 07:14:52 UTC 2015
   system restarted

Wed Jun 24 07:02:31 UTC 2015
   ws restarted

Thu Jun 25 07:30:22 UTC 2015
   system restarted

Fri Jun 26 07:12:33 UTC 2015
   ws restarted

Sat Jun 27 07:24:35 UTC 2015
   ws restarted

Sun Jun 28 07:14:05 UTC 2015
   system restarted

Mon Jun 29 07:05:32 UTC 2015
   ws restarted

Tue Jun 30 07:25:38 UTC 2015
   system restarted

Wed Jul  1 07:29:31 UTC 2015
   ws restarted

Thu Jul  2 07:26:35 UTC 2015
   ws restarted

Fri Jul  3 07:10:35 UTC 2015
   ws restarted

Sat Jul  4 07:26:35 UTC 2015
   ws restarted

Sun Jul  5 07:02:32 UTC 2015
   ws restarted

Mon Jul  6 07:15:36 UTC 2015
   ws restarted

Tue Jul  7 07:26:36 UTC 2015
   ws restarted

Wed Jul  8 07:28:34 UTC 2015
   ws restarted

Thu Jul  9 07:05:33 UTC 2015
   ws restarted

Fri Jul 10 07:01:35 UTC 2015
   ws restarted

Sat Jul 11 07:10:31 UTC 2015
   ws restarted

Sun Jul 12 07:06:31 UTC 2015
   ws restarted

Mon Jul 13 07:06:32 UTC 2015
   ws restarted

Tue Jul 14 07:23:23 UTC 2015
   ws restarted

Wed Jul 15 07:08:35 UTC 2015
   ws restarted

Thu Jul 16 07:03:34 UTC 2015
   ws restarted

Fri Jul 17 07:26:35 UTC 2015
   ws restarted

Sat Jul 18 07:03:32 UTC 2015
   ws restarted

Sun Jul 19 07:00:32 UTC 2015
   ws restarted

Mon Jul 20 07:23:32 UTC 2015
   ws restarted

Tue Jul 21 07:18:34 UTC 2015
   ws restarted

Wed Jul 22 07:06:32 UTC 2015
   ws restarted

Thu Jul 23 07:23:33 UTC 2015
   ws restarted

Fri Jul 24 07:01:31 UTC 2015
   ws restarted

Sat Jul 25 07:02:34 UTC 2015
   ws restarted

Sun Jul 26 07:14:31 UTC 2015
   ws restarted

Mon Jul 27 07:03:33 UTC 2015
   ws restarted

Tue Jul 28 07:00:35 UTC 2015
   ws restarted

Wed Jul 29 07:11:31 UTC 2015
   ws restarted

Thu Jul 30 07:29:34 UTC 2015
   ws restarted

Fri Jul 31 07:28:33 UTC 2015
   ws restarted

Sat Aug  1 07:21:34 UTC 2015
   ws restarted

Sun Aug  2 07:05:31 UTC 2015
   ws restarted

Mon Aug  3 07:14:35 UTC 2015
   ws restarted

Tue Aug  4 07:21:31 UTC 2015
   ws restarted

Wed Aug  5 07:28:35 UTC 2015
   ws restarted

Thu Aug  6 07:24:34 UTC 2015
   ws restarted

Fri Aug  7 07:20:34 UTC 2015
   ws restarted

Sat Aug  8 07:01:32 UTC 2015
   ws restarted

Sun Aug  9 07:27:31 UTC 2015
   ws restarted

Mon Aug 10 07:03:33 UTC 2015
   ws restarted

Tue Aug 11 07:01:31 UTC 2015
   ws restarted

Wed Aug 12 07:15:33 UTC 2015
   ws restarted

Thu Aug 13 07:27:35 UTC 2015
   ws restarted

Fri Aug 14 07:00:34 UTC 2015
   ws restarted

Sat Aug 15 07:26:31 UTC 2015
   ws restarted

Sun Aug 16 07:21:34 UTC 2015
   ws restarted

Mon Aug 17 07:10:34 UTC 2015
   ws restarted

Tue Aug 18 07:13:31 UTC 2015
   ws restarted

Wed Aug 19 02:27:19 UTC 2015
   system restarted

Wed Aug 19 03:00:58 UTC 2015
   system restarted

Wed Aug 19 07:04:35 UTC 2015
   ws restarted

Thu Aug 20 07:24:33 UTC 2015
   ws restarted

Fri Aug 21 07:22:33 UTC 2015
   ws restarted

Sat Aug 22 07:06:34 UTC 2015
   ws restarted

Sun Aug 23 07:22:31 UTC 2015
   ws restarted

Mon Aug 24 07:04:32 UTC 2015
   ws restarted

Tue Aug 25 07:09:31 UTC 2015
   ws restarted

Wed Aug 26 07:20:31 UTC 2015
   ws restarted

Thu Aug 27 07:06:34 UTC 2015
   ws restarted

Fri Aug 28 07:18:35 UTC 2015
   ws restarted

Sat Aug 29 07:15:34 UTC 2015
   ws restarted

Sun Aug 30 07:07:33 UTC 2015
   ws restarted

Mon Aug 31 07:08:31 UTC 2015
   ws restarted

Tue Sep  1 07:18:31 UTC 2015
   ws restarted

Wed Sep  2 07:20:31 UTC 2015
   ws restarted

Thu Sep  3 07:01:31 UTC 2015
   ws restarted

Fri Sep  4 07:01:33 UTC 2015
   ws restarted

Sat Sep  5 07:15:31 UTC 2015
   ws restarted

Sun Sep  6 07:07:35 UTC 2015
   ws restarted

Mon Sep  7 07:09:31 UTC 2015
   ws restarted

Tue Sep  8 07:28:34 UTC 2015
   ws restarted

Wed Sep  9 07:28:34 UTC 2015
   ws restarted

Thu Sep 10 07:01:33 UTC 2015
   ws restarted

Fri Sep 11 07:01:33 UTC 2015
   ws restarted

Sat Sep 12 07:16:34 UTC 2015
   ws restarted

Sun Sep 13 07:29:35 UTC 2015
   ws restarted

Mon Sep 14 07:24:31 UTC 2015
   ws restarted

Tue Sep 15 07:28:34 UTC 2015
   ws restarted

Wed Sep 16 07:20:33 UTC 2015
   ws restarted

Thu Sep 17 07:26:35 UTC 2015
   ws restarted

Fri Sep 18 07:05:32 UTC 2015
   ws restarted

Sat Sep 19 07:07:32 UTC 2015
   ws restarted

Sun Sep 20 07:23:34 UTC 2015
   ws restarted

Mon Sep 21 07:15:34 UTC 2015
   ws restarted

Tue Sep 22 07:12:35 UTC 2015
   ws restarted

Wed Sep 23 07:18:33 UTC 2015
   ws restarted

Thu Sep 24 07:28:33 UTC 2015
   ws restarted

Fri Sep 25 07:12:30 UTC 2015
   system restarted

Sat Sep 26 07:12:24 UTC 2015
   ws restarted

Sun Sep 27 07:10:32 UTC 2015
   ws restarted

Mon Sep 28 07:25:34 UTC 2015
   ws restarted

Tue Sep 29 07:19:34 UTC 2015
   ws restarted

Wed Sep 30 07:18:34 UTC 2015
   ws restarted

Thu Oct  1 07:10:34 UTC 2015
   ws restarted

Fri Oct  2 07:11:24 UTC 2015
   ws restarted

Sat Oct  3 07:06:32 UTC 2015
   ws restarted

Sun Oct  4 07:01:36 UTC 2015
   ws restarted

Mon Oct  5 07:28:34 UTC 2015
   ws restarted

Tue Oct  6 07:23:33 UTC 2015
   ws restarted

Wed Oct  7 07:29:35 UTC 2015
   ws restarted

Thu Oct  8 07:11:36 UTC 2015
   ws restarted

Fri Oct  9 07:12:33 UTC 2015
   ws restarted

Sat Oct 10 07:12:37 UTC 2015
   ws restarted

Sun Oct 11 07:03:36 UTC 2015
   ws restarted

Mon Oct 12 07:01:37 UTC 2015
   ws restarted

Tue Oct 13 07:18:36 UTC 2015
   ws restarted

Wed Oct 14 07:08:33 UTC 2015
   ws restarted

Thu Oct 15 07:23:33 UTC 2015
   ws restarted

Fri Oct 16 07:28:36 UTC 2015
   ws restarted

Sat Oct 17 07:05:36 UTC 2015
   ws restarted

Sun Oct 18 07:03:36 UTC 2015
   ws restarted

Mon Oct 19 07:07:37 UTC 2015
   ws restarted

Tue Oct 20 07:16:37 UTC 2015
   ws restarted

Wed Oct 21 07:00:33 UTC 2015
   ws restarted

Thu Oct 22 07:01:33 UTC 2015
   ws restarted

Fri Oct 23 07:14:35 UTC 2015
   ws restarted

Sat Oct 24 07:25:35 UTC 2015
   ws restarted

Sun Oct 25 07:29:36 UTC 2015
   ws restarted

Mon Oct 26 07:19:33 UTC 2015
   ws restarted

Tue Oct 27 07:20:35 UTC 2015
   ws restarted

Wed Oct 28 07:20:37 UTC 2015
   ws restarted

Thu Oct 29 07:14:33 UTC 2015
   ws restarted

Fri Oct 30 07:20:35 UTC 2015
   ws restarted

Sat Oct 31 07:25:36 UTC 2015
   ws restarted

Sun Nov  1 07:28:35 UTC 2015
   ws restarted

Mon Nov  2 07:24:37 UTC 2015
   ws restarted

Tue Nov  3 07:27:34 UTC 2015
   ws restarted

Wed Nov  4 07:22:37 UTC 2015
   ws restarted

Thu Nov  5 07:18:35 UTC 2015
   ws restarted

Fri Nov  6 07:01:33 UTC 2015
   ws restarted

Sat Nov  7 07:09:44 UTC 2015
   ws restarted

Sun Nov  8 07:31:25 UTC 2015
   system restarted

Mon Nov  9 07:05:37 UTC 2015
   ws restarted

Tue Nov 10 07:28:33 UTC 2015
   ws restarted

Wed Nov 11 07:07:36 UTC 2015
   ws restarted

Thu Nov 12 07:19:33 UTC 2015
   ws restarted

Fri Nov 13 07:20:36 UTC 2015
   ws restarted

Sat Nov 14 07:11:32 UTC 2015
   ws restarted

Sun Nov 15 07:18:35 UTC 2015
   ws restarted

Mon Nov 16 07:25:35 UTC 2015
   ws restarted

Tue Nov 17 07:25:33 UTC 2015
   ws restarted

Wed Nov 18 07:08:36 UTC 2015
   ws restarted

Thu Nov 19 07:13:34 UTC 2015
   ws restarted

Fri Nov 20 07:07:37 UTC 2015
   ws restarted

Sat Nov 21 07:03:34 UTC 2015
   ws restarted

Sun Nov 22 07:07:35 UTC 2015
   ws restarted

Mon Nov 23 07:12:37 UTC 2015
   ws restarted

Tue Nov 24 07:08:34 UTC 2015
   ws restarted

Wed Nov 25 07:17:34 UTC 2015
   ws restarted

Thu Nov 26 07:07:35 UTC 2015
   ws restarted

Fri Nov 27 07:22:35 UTC 2015
   ws restarted

Sat Nov 28 07:01:33 UTC 2015
   ws restarted

Sun Nov 29 07:20:34 UTC 2015
   ws restarted

Mon Nov 30 07:07:34 UTC 2015
   ws restarted

Tue Dec  1 07:01:35 UTC 2015
   ws restarted

Wed Dec  2 07:00:36 UTC 2015
   ws restarted

Thu Dec  3 07:12:33 UTC 2015
   ws restarted

Fri Dec  4 07:25:36 UTC 2015
   ws restarted

Sat Dec  5 07:05:35 UTC 2015
   ws restarted

Sun Dec  6 07:15:33 UTC 2015
   ws restarted

Mon Dec  7 07:12:40 UTC 2015
   ws restarted

Tue Dec  8 07:10:35 UTC 2015
   ws restarted

Wed Dec  9 07:27:37 UTC 2015
   ws restarted

Thu Dec 10 07:04:33 UTC 2015
   ws restarted

Fri Dec 11 07:03:38 UTC 2015
   ws restarted

Sat Dec 12 06:40:42 UTC 2015
   pvt restarted

Sat Dec 12 07:09:37 UTC 2015
   ws restarted

Sun Dec 13 18:18:23 UTC 2015
   system restarted

Mon Dec 14 07:29:35 UTC 2015
   ws restarted

Tue Dec 15 07:22:36 UTC 2015
   ws restarted

Wed Dec 16 07:25:35 UTC 2015
   ws restarted

Thu Dec 17 07:24:34 UTC 2015
   ws restarted

Fri Dec 18 07:15:34 UTC 2015
   ws restarted

Sat Dec 19 07:03:37 UTC 2015
   ws restarted

Sun Dec 20 07:29:33 UTC 2015
   ws restarted

Mon Dec 21 07:10:36 UTC 2015
   ws restarted

Tue Dec 22 07:11:36 UTC 2015
   ws restarted

Wed Dec 23 07:07:34 UTC 2015
   ws restarted

Thu Dec 24 07:09:34 UTC 2015
   ws restarted

Fri Dec 25 07:23:35 UTC 2015
   ws restarted

Sat Dec 26 07:02:33 UTC 2015
   ws restarted

Sun Dec 27 07:00:33 UTC 2015
   ws restarted

Sun Dec 27 23:37:07 UTC 2015
   system restarted

Mon Dec 28 07:01:37 UTC 2015
   ws restarted

Tue Dec 29 07:10:38 UTC 2015
   ws restarted

Wed Dec 30 07:06:33 UTC 2015
   ws restarted

Thu Dec 31 07:11:35 UTC 2015
   ws restarted

Fri Jan  1 07:04:36 UTC 2016
   ws restarted

Sat Jan  2 07:20:37 UTC 2016
   ws restarted

Sun Jan  3 07:04:34 UTC 2016
   ws restarted

Mon Jan  4 07:18:37 UTC 2016
   ws restarted

Tue Jan  5 07:10:35 UTC 2016
   ws restarted

Wed Jan  6 07:08:33 UTC 2016
   ws restarted

Thu Jan  7 07:04:33 UTC 2016
   ws restarted

Fri Jan  8 07:00:35 UTC 2016
   ws restarted

Sat Jan  9 07:16:36 UTC 2016
   ws restarted

Sun Jan 10 07:26:32 UTC 2016
   ws restarted

Mon Jan 11 07:21:36 UTC 2016
   ws restarted

Tue Jan 12 07:28:34 UTC 2016
   ws restarted

Wed Jan 13 07:09:37 UTC 2016
   ws restarted

Thu Jan 14 07:13:33 UTC 2016
   ws restarted

Fri Jan 15 07:14:37 UTC 2016
   ws restarted

Sat Jan 16 07:00:40 UTC 2016
   ws restarted

Sun Jan 17 07:12:35 UTC 2016
   ws restarted

Mon Jan 18 07:01:34 UTC 2016
   ws restarted

Tue Jan 19 07:08:35 UTC 2016
   ws restarted

Wed Jan 20 07:07:36 UTC 2016
   ws restarted

Thu Jan 21 07:29:35 UTC 2016
   ws restarted

Fri Jan 22 07:10:52 UTC 2016
   system restarted

Sat Jan 23 07:20:36 UTC 2016
   ws restarted

Sun Jan 24 07:11:33 UTC 2016
   ws restarted

Mon Jan 25 07:03:35 UTC 2016
   ws restarted

Tue Jan 26 07:19:36 UTC 2016
   ws restarted

Wed Jan 27 07:09:37 UTC 2016
   ws restarted

Thu Jan 28 07:22:36 UTC 2016
   ws restarted

Fri Jan 29 07:24:34 UTC 2016
   ws restarted

Sat Jan 30 07:07:33 UTC 2016
   ws restarted

Sun Jan 31 07:19:35 UTC 2016
   ws restarted

Mon Feb  1 07:04:34 UTC 2016
   ws restarted

Tue Feb  2 07:20:37 UTC 2016
   ws restarted

Wed Feb  3 07:19:35 UTC 2016
   ws restarted

Thu Feb  4 07:09:24 UTC 2016
   ws restarted

Fri Feb  5 07:10:33 UTC 2016
   ws restarted

Sat Feb  6 07:10:35 UTC 2016
   ws restarted

Sun Feb  7 07:29:36 UTC 2016
   ws restarted

Mon Feb  8 07:13:36 UTC 2016
   ws restarted

Tue Feb  9 07:09:36 UTC 2016
   ws restarted

Wed Feb 10 07:27:33 UTC 2016
   ws restarted

Thu Feb 11 07:22:37 UTC 2016
   ws restarted

Fri Feb 12 07:00:36 UTC 2016
   ws restarted

Sat Feb 13 07:21:37 UTC 2016
   ws restarted

Sun Feb 14 07:29:36 UTC 2016
   ws restarted

Mon Feb 15 07:05:35 UTC 2016
   ws restarted

Tue Feb 16 07:04:37 UTC 2016
   ws restarted

Wed Feb 17 07:18:36 UTC 2016
   ws restarted

Thu Feb 18 07:13:34 UTC 2016
   ws restarted

Fri Feb 19 07:09:37 UTC 2016
   ws restarted

Sat Feb 20 07:03:35 UTC 2016
   ws restarted

Sun Feb 21 07:24:33 UTC 2016
   ws restarted

Mon Feb 22 07:29:37 UTC 2016
   ws restarted

Tue Feb 23 07:00:40 UTC 2016
   ws restarted

Wed Feb 24 07:10:43 UTC 2016
   ws restarted

Thu Feb 25 04:20:18 UTC 2016
   pvt restarted

Wed Mar  9 07:16:02 UTC 2016
   system restarted

Thu Mar 10 07:21:00 UTC 2016
   system restarted

Fri Mar 11 07:24:33 UTC 2016
   ws restarted

Sat Mar 12 07:18:34 UTC 2016
   ws restarted

Sun Mar 13 07:03:34 UTC 2016
   ws restarted

Mon Mar 14 07:14:37 UTC 2016
   ws restarted

Tue Mar 15 07:08:37 UTC 2016
   ws restarted

Wed Mar 16 07:04:33 UTC 2016
   ws restarted

Thu Mar 17 07:10:34 UTC 2016
   ws restarted

Fri Mar 18 07:11:37 UTC 2016
   ws restarted

Sat Mar 19 07:10:33 UTC 2016
   ws restarted

Sun Mar 20 07:14:35 UTC 2016
   ws restarted

Mon Mar 21 07:29:33 UTC 2016
   ws restarted

Tue Mar 22 07:08:33 UTC 2016
   ws restarted

Wed Mar 23 07:24:04 UTC 2016
   system restarted

Thu Mar 24 06:42:30 UTC 2016
   system restarted

Fri Mar 25 07:05:41 UTC 2016
   ws restarted

Sat Mar 26 07:01:35 UTC 2016
   ws restarted

Sun Mar 27 07:17:33 UTC 2016
   ws restarted

Mon Mar 28 07:05:35 UTC 2016
   ws restarted

Tue Mar 29 07:11:36 UTC 2016
   ws restarted

Wed Mar 30 07:19:37 UTC 2016
   ws restarted

Thu Mar 31 07:04:34 UTC 2016
   ws restarted

Fri Apr  1 07:19:37 UTC 2016
   ws restarted

Sat Apr  2 07:17:33 UTC 2016
   ws restarted

Sun Apr  3 07:29:33 UTC 2016
   ws restarted

Mon Apr  4 07:25:37 UTC 2016
   ws restarted

Tue Apr  5 07:26:39 UTC 2016
   ws restarted

Wed Apr  6 07:25:35 UTC 2016
   ws restarted

Thu Apr  7 07:08:37 UTC 2016
   ws restarted

Fri Apr  8 07:00:35 UTC 2016
   ws restarted

Sat Apr  9 07:27:36 UTC 2016
   ws restarted

Sun Apr 10 07:01:37 UTC 2016
   ws restarted

Mon Apr 11 07:12:37 UTC 2016
   ws restarted

Tue Apr 12 07:26:35 UTC 2016
   ws restarted

Wed Apr 13 07:09:33 UTC 2016
   ws restarted

Thu Apr 14 07:14:34 UTC 2016
   ws restarted

Fri Apr 15 07:04:36 UTC 2016
   ws restarted

Sat Apr 16 07:03:34 UTC 2016
   ws restarted

Sun Apr 17 07:02:37 UTC 2016
   ws restarted

Mon Apr 18 07:16:38 UTC 2016
   ws restarted

Tue Apr 19 07:24:04 UTC 2016
   ws restarted

Wed Apr 20 07:25:39 UTC 2016
   ws restarted

Thu Apr 21 07:26:34 UTC 2016
   ws restarted

Fri Apr 22 07:24:36 UTC 2016
   ws restarted

Sat Apr 23 07:22:35 UTC 2016
   ws restarted

Sun Apr 24 07:13:34 UTC 2016
   ws restarted

Mon Apr 25 07:13:33 UTC 2016
   ws restarted

Tue Apr 26 07:14:42 UTC 2016
   ws restarted

Wed Apr 27 06:20:42 UTC 2016
   pvt restarted

Wed Apr 27 06:29:11 UTC 2016
   system restarted

Thu Apr 28 07:14:33 UTC 2016
   ws restarted

Fri Apr 29 07:11:34 UTC 2016
   ws restarted

Sat Apr 30 07:11:34 UTC 2016
   ws restarted

Sun May  1 07:18:36 UTC 2016
   ws restarted

Mon May  2 07:11:33 UTC 2016
   ws restarted

Tue May  3 07:13:34 UTC 2016
   ws restarted

Wed May  4 07:25:35 UTC 2016
   ws restarted

Thu May  5 07:03:35 UTC 2016
   ws restarted

Fri May  6 07:23:36 UTC 2016
   ws restarted

Sat May  7 07:06:36 UTC 2016
   ws restarted

Sun May  8 07:24:34 UTC 2016
   ws restarted

Mon May  9 07:24:33 UTC 2016
   ws restarted

Tue May 10 07:20:37 UTC 2016
   ws restarted

Wed May 11 07:27:36 UTC 2016
   ws restarted

Thu May 12 07:05:35 UTC 2016
   ws restarted

Fri May 13 07:04:34 UTC 2016
   ws restarted

Sat May 14 07:04:36 UTC 2016
   ws restarted

Sat May 14 19:09:26 UTC 2016
   system restarted

Sun May 15 07:09:32 UTC 2016
   ws restarted

Sun May 15 22:59:14 UTC 2016
   system restarted

Mon May 16 07:06:37 UTC 2016
   ws restarted

Tue May 17 07:28:37 UTC 2016
   ws restarted

Wed May 18 07:07:35 UTC 2016
   ws restarted

Thu May 19 07:08:36 UTC 2016
   ws restarted

Fri May 20 07:03:34 UTC 2016
   ws restarted

Sat May 21 07:21:35 UTC 2016
   ws restarted

Sun May 22 07:26:33 UTC 2016
   ws restarted

Mon May 23 07:21:35 UTC 2016
   ws restarted

Tue May 24 07:00:37 UTC 2016
   ws restarted

Wed May 25 07:24:36 UTC 2016
   ws restarted

Thu May 26 07:20:33 UTC 2016
   ws restarted

Fri May 27 07:24:35 UTC 2016
   ws restarted

Sat May 28 07:14:37 UTC 2016
   ws restarted

Sun May 29 07:03:34 UTC 2016
   ws restarted

Mon May 30 07:21:34 UTC 2016
   ws restarted

Tue May 31 07:20:35 UTC 2016
   ws restarted

Wed Jun  1 07:15:37 UTC 2016
   ws restarted

Thu Jun  2 07:28:37 UTC 2016
   ws restarted

Fri Jun  3 07:03:36 UTC 2016
   ws restarted

Sat Jun  4 07:23:37 UTC 2016
   ws restarted

Sun Jun  5 07:26:33 UTC 2016
   ws restarted

Mon Jun  6 07:04:35 UTC 2016
   ws restarted

Tue Jun  7 07:15:33 UTC 2016
   ws restarted

Wed Jun  8 07:01:34 UTC 2016
   ws restarted

Thu Jun  9 07:22:41 UTC 2016
   ws restarted

Fri Jun 10 07:29:37 UTC 2016
   ws restarted

Sat Jun 11 07:13:34 UTC 2016
   ws restarted

Sun Jun 12 07:29:34 UTC 2016
   ws restarted

Mon Jun 13 07:01:35 UTC 2016
   ws restarted

Tue Jun 14 07:03:34 UTC 2016
   ws restarted

Wed Jun 15 07:28:36 UTC 2016
   ws restarted

Thu Jun 16 07:01:36 UTC 2016
   ws restarted

Fri Jun 17 07:05:36 UTC 2016
   ws restarted

Sat Jun 18 11:09:11 UTC 2016
   system restarted

Sun Jun 19 07:20:34 UTC 2016
   ws restarted

Mon Jun 20 07:14:35 UTC 2016
   ws restarted

Tue Jun 21 07:26:50 UTC 2016
   system restarted

Wed Jun 22 07:09:58 UTC 2016
   system restarted

Thu Jun 23 07:09:37 UTC 2016
   ws restarted

Fri Jun 24 07:14:37 UTC 2016
   ws restarted

Sat Jun 25 07:22:34 UTC 2016
   ws restarted

Sun Jun 26 07:11:34 UTC 2016
   ws restarted

Mon Jun 27 07:22:34 UTC 2016
   ws restarted

Tue Jun 28 07:24:34 UTC 2016
   ws restarted

Wed Jun 29 07:27:37 UTC 2016
   ws restarted

Thu Jun 30 07:26:36 UTC 2016
   ws restarted

Fri Jul  1 07:17:37 UTC 2016
   ws restarted

Sat Jul  2 07:02:35 UTC 2016
   ws restarted

Sun Jul  3 07:04:37 UTC 2016
   ws restarted

Mon Jul  4 07:03:56 UTC 2016
   system restarted

Tue Jul  5 07:00:36 UTC 2016
   ws restarted

Wed Jul  6 07:13:34 UTC 2016
   ws restarted

Thu Jul  7 07:04:39 UTC 2016
   ws restarted

Fri Jul  8 07:10:35 UTC 2016
   ws restarted

Sat Jul  9 07:21:35 UTC 2016
   ws restarted

Sun Jul 10 07:28:37 UTC 2016
   ws restarted

Mon Jul 11 07:01:35 UTC 2016
   ws restarted

Tue Jul 12 07:08:34 UTC 2016
   ws restarted

Wed Jul 13 07:02:33 UTC 2016
   ws restarted

Thu Jul 14 07:00:33 UTC 2016
   ws restarted

Fri Jul 15 07:14:33 UTC 2016
   ws restarted

Sat Jul 16 07:29:30 UTC 2016
   ws restarted

Sun Jul 17 07:15:36 UTC 2016
   ws restarted

Mon Jul 18 07:24:35 UTC 2016
   ws restarted

Tue Jul 19 07:19:36 UTC 2016
   ws restarted

Wed Jul 20 07:23:37 UTC 2016
   ws restarted

Thu Jul 21 07:25:34 UTC 2016
   ws restarted

Fri Jul 22 07:07:33 UTC 2016
   ws restarted

Sat Jul 23 07:00:35 UTC 2016
   ws restarted

Sun Jul 24 07:13:34 UTC 2016
   ws restarted

Mon Jul 25 07:26:35 UTC 2016
   ws restarted

Tue Jul 26 07:12:35 UTC 2016
   ws restarted

Wed Jul 27 07:25:06 UTC 2016
   system restarted

Thu Jul 28 07:28:36 UTC 2016
   ws restarted

Fri Jul 29 07:11:34 UTC 2016
   ws restarted

Sat Jul 30 07:19:36 UTC 2016
   ws restarted

Sun Jul 31 07:08:36 UTC 2016
   ws restarted

Mon Aug  1 07:18:35 UTC 2016
   ws restarted

Tue Aug  2 07:15:35 UTC 2016
   ws restarted

Wed Aug  3 07:22:34 UTC 2016
   ws restarted

Thu Aug  4 07:21:34 UTC 2016
   ws restarted

Fri Aug  5 07:29:37 UTC 2016
   ws restarted

Sat Aug  6 07:22:34 UTC 2016
   ws restarted

Sun Aug  7 07:18:35 UTC 2016
   ws restarted

Mon Aug  8 07:09:34 UTC 2016
   ws restarted

Tue Aug  9 07:25:37 UTC 2016
   ws restarted

Wed Aug 10 07:13:35 UTC 2016
   ws restarted

Thu Aug 11 07:01:37 UTC 2016
   ws restarted

Fri Aug 12 07:28:36 UTC 2016
   ws restarted

Sat Aug 13 07:09:36 UTC 2016
   ws restarted

Sun Aug 14 07:27:29 UTC 2016
   ws restarted

Mon Aug 15 07:05:34 UTC 2016
   ws restarted

Tue Aug 16 07:13:34 UTC 2016
   ws restarted

